<?xml version="1.0" encoding="UTF-8"?>
<!-- Generated by org.testng.reporters.JUnitReportReporter -->
<testsuite hostname="L109372" name="com.learntestng.SampleTest" tests="2" failures="0" timestamp="19 Mar 2015 11:55:17 GMT" time="0.000" errors="0">
  <testcase name="sampletest1" time="0.000" classname="com.learntestng.SampleTest"/>
  <testcase name="sampletest" time="0.000" classname="com.learntestng.SampleTest"/>
</testsuite>
