<?xml version="1.0" encoding="UTF-8"?>
<!-- Generated by org.testng.reporters.JUnitReportReporter -->
<testsuite hostname="L109372" name="com.learntestng.AppTest" tests="1" failures="0" timestamp="19 Mar 2015 11:54:38 GMT" time="0.027" errors="0">
  <testcase name="sendMail" time="0.027" classname="com.learntestng.AppTest"/>
</testsuite> <!-- com.learntestng.AppTest -->
