<?xml version="1.0" encoding="UTF-8"?>
<!-- Generated by org.testng.reporters.JUnitReportReporter -->
<testsuite hostname="L109372" name="com.qtpselenium.rough.callDynamicReaddata" tests="2" failures="0" timestamp="20 Feb 2015 16:48:57 GMT" time="0.006" errors="0">
  <testcase name="loginTest" time="0.000" classname="com.qtpselenium.rough.callDynamicReaddata"/>
  <testcase name="loginTest" time="0.006" classname="com.qtpselenium.rough.callDynamicReaddata"/>
</testsuite> <!-- com.qtpselenium.rough.callDynamicReaddata -->
