<?xml version="1.0" encoding="UTF-8"?>
<!-- Generated by org.testng.reporters.JUnitReportReporter -->
<testsuite hostname="L109372" name="com.qtpselenium.testcases.LoginTest" tests="1" failures="0" timestamp="13 Mar 2015 15:51:19 GMT" time="7.650" errors="0">
  <testcase name="TestLogin" time="7.650" classname="com.qtpselenium.testcases.LoginTest"/>
</testsuite> <!-- com.qtpselenium.testcases.LoginTest -->
