<?xml version="1.0" encoding="UTF-8"?>
<!-- Generated by org.testng.reporters.JUnitReportReporter -->
<testsuite hostname="L109372" name="com.qtpselenium.testcases.findFriend" tests="1" failures="1" timestamp="13 Mar 2015 15:51:19 GMT" time="0.000" errors="0">
  <testcase name="findFriend" time="0.000" classname="com.qtpselenium.testcases.findFriend"/>
</testsuite> <!-- com.qtpselenium.testcases.findFriend -->
