<?xml version="1.0" encoding="UTF-8"?>
<!-- Generated by org.testng.reporters.JUnitReportReporter -->
<testsuite hostname="L109372" name="com.qtpselenium.suntestdata.rough.testngPromo" tests="1" failures="0" timestamp="13 Mar 2015 15:51:19 GMT" time="38.580" errors="0">
  <testcase name="createPromo" time="38.580" classname="com.qtpselenium.suntestdata.rough.testngPromo"/>
</testsuite> <!-- com.qtpselenium.suntestdata.rough.testngPromo -->
