<?xml version="1.0" encoding="UTF-8"?>
<!-- Generated by org.testng.reporters.JUnitReportReporter -->
<testsuite hostname="L109372" name="com.qtpselenium.rough.skip_testng" tests="1" failures="1" timestamp="9 Feb 2015 12:43:27 GMT" time="0.001" errors="0">
  <testcase name="Testsample" time="0.001" classname="com.qtpselenium.rough.skip_testng"/>
</testsuite> <!-- com.qtpselenium.rough.skip_testng -->
