<?xml version="1.0" encoding="UTF-8"?>
<!-- Generated by org.testng.reporters.JUnitReportReporter -->
<testsuite hostname="L109372" name="com.qtpselenium.rough.LoginTest" tests="1" failures="0" timestamp="12 Feb 2015 12:39:29 GMT" time="11.126" errors="0">
  <testcase name="Testsample" time="11.126" classname="com.qtpselenium.rough.LoginTest"/>
</testsuite> <!-- com.qtpselenium.rough.LoginTest -->
