<?xml version="1.0" encoding="UTF-8"?>
<!-- Generated by org.testng.reporters.JUnitReportReporter -->
<testsuite hostname="L109372" name="com.testing.ThirdTest" tests="1" failures="0" timestamp="19 Mar 2015 16:07:26 GMT" time="0.001" errors="0">
  <testcase name="LogoutTest" time="0.001" classname="com.testing.ThirdTest"/>
</testsuite>
