<?xml version="1.0" encoding="UTF-8"?>
<!-- Generated by org.testng.reporters.JUnitReportReporter -->
<testsuite hostname="L109372" name="com.testing.SampleTest" tests="1" failures="0" timestamp="20 Mar 2015 10:58:29 GMT" time="0.000" errors="0">
  <testcase name="SampeTest" time="0.000" classname="com.testing.SampleTest"/>
</testsuite> <!-- com.testing.SampleTest -->
