<?xml version="1.0" encoding="UTF-8" ?>
<testsuite failures="0" time="0.004" errors="0" skipped="0" tests="6" name="com.learning.cucumber.login.suiterunnertest">
  <properties>
    <property name="java.runtime.name" value="Java(TM) SE Runtime Environment"/>
    <property name="cucumber.options" value="--tags @Bokka "/>
    <property name="sun.boot.library.path" value="C:\Program Files (x86)\Java\jre6\bin"/>
    <property name="java.vm.version" value="20.10-b01"/>
    <property name="java.vm.vendor" value="Sun Microsystems Inc."/>
    <property name="java.vendor.url" value="http://java.sun.com/"/>
    <property name="path.separator" value=";"/>
    <property name="guice.disable.misplaced.annotation.check" value="true"/>
    <property name="java.vm.name" value="Java HotSpot(TM) Client VM"/>
    <property name="file.encoding.pkg" value="sun.io"/>
    <property name="user.country" value="US"/>
    <property name="sun.java.launcher" value="SUN_STANDARD"/>
    <property name="sun.os.patch.level" value="Service Pack 1"/>
    <property name="java.vm.specification.name" value="Java Virtual Machine Specification"/>
    <property name="user.dir" value="C:\JAVA_AUTOMATION\CukeViaMaven"/>
    <property name="java.runtime.version" value="1.6.0_35-b10"/>
    <property name="java.awt.graphicsenv" value="sun.awt.Win32GraphicsEnvironment"/>
    <property name="java.endorsed.dirs" value="C:\Program Files (x86)\Java\jre6\lib\endorsed"/>
    <property name="os.arch" value="x86"/>
    <property name="java.io.tmpdir" value="C:\Users\syadav2\AppData\Local\Temp\"/>
    <property name="line.separator" value="
"/>
    <property name="java.vm.specification.vendor" value="Sun Microsystems Inc."/>
    <property name="user.variant" value=""/>
    <property name="os.name" value="Windows 7"/>
    <property name="classworlds.conf" value="C:\JAVA_AUTOMATION\.metadata\.plugins\org.eclipse.m2e.launching\launches\m2conf6236304369222020840.tmp"/>
    <property name="sun.jnu.encoding" value="Cp1252"/>
    <property name="java.library.path" value="C:\Program Files (x86)\Java\jre6\bin;C:\WINDOWS\Sun\Java\bin;C:\WINDOWS\system32;C:\WINDOWS;C:/Program Files (x86)/Java/jre6/bin/client;C:/Program Files (x86)/Java/jre6/bin;C:/Program Files (x86)/Java/jre6/lib/i386;C:\ProgramData\Oracle\Java\javapath;C:\WINDOWS\system32;C:\WINDOWS;C:\WINDOWS\System32\Wbem;C:\WINDOWS\System32\WindowsPowerShell\v1.0\;C:\Program Files (x86)\QuickTime\QTSystem\;C:\Program Files (x86)\Citrix\system32\;C:\sunil\apache-ant-1.9.4\bin;C:\sunil\apache-maven-3.3.1\bin;C:\Automation\eclipse;;."/>
    <property name="java.specification.name" value="Java Platform API Specification"/>
    <property name="java.class.version" value="50.0"/>
    <property name="sun.management.compiler" value="HotSpot Client Compiler"/>
    <property name="os.version" value="6.1"/>
    <property name="user.home" value="C:\Users\syadav2"/>
    <property name="user.timezone" value="Europe/London"/>
    <property name="java.awt.printerjob" value="sun.awt.windows.WPrinterJob"/>
    <property name="java.specification.version" value="1.6"/>
    <property name="file.encoding" value="Cp1252"/>
    <property name="user.name" value="syadav2"/>
    <property name="java.class.path" value="/C:/Automation/eclipse/plugins/org.eclipse.m2e.maven.runtime_1.5.0.20140605-2032/jars/plexus-classworlds-2.5.1.jar"/>
    <property name="org.slf4j.simpleLogger.defaultLogLevel" value="info"/>
    <property name="java.vm.specification.version" value="1.0"/>
    <property name="sun.arch.data.model" value="32"/>
    <property name="java.home" value="C:\Program Files (x86)\Java\jre6"/>
    <property name="sun.java.command" value="org.codehaus.plexus.classworlds.launcher.Launcher -B integration-test -Pcucumber -Dcucumber.options=--tags @Bokka "/>
    <property name="java.specification.vendor" value="Sun Microsystems Inc."/>
    <property name="user.language" value="en"/>
    <property name="awt.toolkit" value="sun.awt.windows.WToolkit"/>
    <property name="java.vm.info" value="mixed mode, sharing"/>
    <property name="java.version" value="1.6.0_35"/>
    <property name="java.ext.dirs" value="C:\Program Files (x86)\Java\jre6\lib\ext;C:\WINDOWS\Sun\Java\lib\ext"/>
    <property name="sun.boot.class.path" value="C:\Program Files (x86)\Java\jre6\lib\resources.jar;C:\Program Files (x86)\Java\jre6\lib\rt.jar;C:\Program Files (x86)\Java\jre6\lib\sunrsasign.jar;C:\Program Files (x86)\Java\jre6\lib\jsse.jar;C:\Program Files (x86)\Java\jre6\lib\jce.jar;C:\Program Files (x86)\Java\jre6\lib\charsets.jar;C:\Program Files (x86)\Java\jre6\lib\modules\jdk.boot.jar;C:\Program Files (x86)\Java\jre6\classes"/>
    <property name="java.vendor" value="Sun Microsystems Inc."/>
    <property name="maven.home" value="C:\JAVA_AUTOMATION\CukeViaMaven\EMBEDDED"/>
    <property name="file.separator" value="\"/>
    <property name="java.vendor.url.bug" value="http://java.sun.com/cgi-bin/bugreport.cgi"/>
    <property name="sun.cpu.endian" value="little"/>
    <property name="sun.io.unicode.encoding" value="UnicodeLittle"/>
    <property name="sun.desktop" value="windows"/>
    <property name="sun.cpu.isalist" value="pentium_pro+mmx pentium_pro pentium+mmx pentium i486 i386 i86"/>
  </properties>
  <testcase time="0.004" classname="Scenario: User should be able to login to UAT thesun.co.uk" name="Given I open &quot;loginUrl&quot; on &quot;Mozilla&quot;"/>
  <testcase time="0" classname="Scenario: User should be able to login to UAT thesun.co.uk" name="And I enter &quot;loginEmailAddress&quot; as &quot;sunil.yadav+uat@news.co.uk&quot;"/>
  <testcase time="0" classname="Scenario: User should be able to login to UAT thesun.co.uk" name="And I enter &quot;loginPassword&quot; as &quot;Password123&quot;"/>
  <testcase time="0" classname="Scenario: User should be able to login to UAT thesun.co.uk" name="And I click on &quot;loginSignInButton&quot;"/>
  <testcase time="0" classname="Scenario: User should be able to login to UAT thesun.co.uk" name="Then Login should be &quot;Successful&quot;"/>
  <testcase time="0" classname="Scenario: User should be able to login to UAT thesun.co.uk" name="Scenario: User should be able to login to UAT thesun.co.uk"/>
</testsuite>