<?xml version="1.0" encoding="UTF-8"?>
<!-- Generated by org.testng.reporters.JUnitReportReporter -->
<testsuite hostname="L109372" name="com.testing.AppTest" tests="1" failures="0" timestamp="20 Mar 2015 10:59:34 GMT" time="0.010" errors="0">
  <testcase name="SampTest" time="0.010" classname="com.testing.AppTest"/>
</testsuite>
